<?xml version="1.0" encoding="UTF-8"?>
<!-- Generated by org.testng.reporters.JUnitReportReporter -->
<testsuite hostname="LTIN445772" failures="0" tests="1" name="IrfanChoudhury.ExtentReport.ExtentReportDemo" time="14.536" errors="0" timestamp="2024-08-07T19:45:58 IST" skipped="0">
  <testcase classname="IrfanChoudhury.ExtentReport.ExtentReportDemo" name="initialDemo" time="14.536"/>
</testsuite> <!-- IrfanChoudhury.ExtentReport.ExtentReportDemo -->
